<?xml version="1.0" encoding="UTF-8"?>
<testng-results ignored="0" total="1" passed="1" failed="0" skipped="0">
  <reporter-output>
  </reporter-output>
  <suite started-at="2025-01-06T00:12:15 IST" name="Default suite" finished-at="2025-01-06T00:12:19 IST" duration-ms="3978">
    <groups>
    </groups>
    <test started-at="2025-01-06T00:12:15 IST" name="Default test" finished-at="2025-01-06T00:12:19 IST" duration-ms="3978">
      <class name="org.onlinemart.tests.LoginPageTest">
        <test-method signature="validateLogin(java.util.HashMap)[pri:0, instance:org.onlinemart.tests.LoginPageTest@4a83a74a]" started-at="2025-01-06T00:12:15 IST" name="validateLogin" data-provider="getData" finished-at="2025-01-06T00:12:19 IST" duration-ms="3686" status="PASS">
          <params>
            <param index="0">
              <value>
                <![CDATA[{password=secret_sauce, username=standard_user}]]>
              </value>
            </param>
          </params>
          <reporter-output>
          </reporter-output>
        </test-method> <!-- validateLogin -->
      </class> <!-- org.onlinemart.tests.LoginPageTest -->
    </test> <!-- Default test -->
  </suite> <!-- Default suite -->
</testng-results>
